Terminals unused in grammar

   DBLDOT


State 101 conflicts: 1 shift/reduce


Grammar

    0 $accept: program $end

    1 program: stmts

    2 stmts: stmts stmt
    3      | /* empty */

    4 stmt: expr ';'
    5     | ifstmt
    6     | whilestmt
    7     | forstmt
    8     | returnstmt
    9     | BREAK ';'
   10     | CONTINUE ';'
   11     | block
   12     | funcdef
   13     | UNRECOGNIZED
   14     | error
   15     | ';'

   16 expr: assignexpr
   17     | expr '+' expr
   18     | expr '-' expr
   19     | expr '*' expr
   20     | expr '/' expr
   21     | expr '%' expr
   22     | expr '>' expr
   23     | expr GREATER_EQ expr
   24     | expr '<' expr
   25     | expr LESS_EQ expr
   26     | expr EQ expr
   27     | expr NOT_EQ expr
   28     | expr AND M expr
   29     | expr OR M expr
   30     | term

   31 M: /* empty */

   32 term: '(' expr ')'
   33     | '-' expr
   34     | NOT expr
   35     | PLUS_PLUS lvalue
   36     | lvalue PLUS_PLUS
   37     | MINUS_MINUS lvalue
   38     | lvalue MINUS_MINUS
   39     | primary

   40 assignexpr: lvalue '=' expr

   41 primary: lvalue
   42        | call
   43        | tablemake
   44        | '(' funcdef ')'
   45        | const

   46 lvalue: ID
   47       | LOCAL ID
   48       | DBLCOLON ID
   49       | member

   50 member: lvalue '.' ID
   51       | lvalue '[' expr ']'
   52       | call '.' ID
   53       | call '[' expr ']'

   54 call: call '(' elist ')'
   55     | lvalue callsuffix
   56     | '(' funcdef ')' '(' elist ')'

   57 callsuffix: normcall
   58           | methodcall

   59 normcall: '(' elist ')'

   60 methodcall: DBL_DOT ID '(' elist ')'

   61 elist: expr exprs
   62      | /* empty */

   63 exprs: ',' expr exprs
   64      | /* empty */

   65 tablemake: '[' elist ']'
   66          | '[' indexed ']'

   67 indexed: indexedelem indexedelems

   68 indexedelems: ',' indexedelem indexedelems
   69             | /* empty */

   70 indexedelem: '{' expr ':' expr '}'

   71 $@1: /* empty */

   72 block: '{' $@1 stmts '}'

   73 funcdef: funcprefix funcargs funcbody

   74 funcprefix: FUNCTION funcname

   75 funcname: ID
   76         | /* empty */

   77 funcargs: '(' idlist ')'

   78 funcbody: block

   79 const: NUMBER
   80      | STR
   81      | NIL
   82      | TRUE
   83      | FALSE

   84 idlist: ID ids
   85       | /* empty */

   86 ids: ',' ID ids
   87    | /* empty */

   88 ifstmt: ifexpr ifsuffix

   89 ifexpr: IF '(' expr ')'

   90 ifsuffix: stmt ELSE stmt
   91         | stmt

   92 whilestmt: WHILE '(' expr ')' stmt

   93 forstmt: FOR '(' elist ';' expr ';' elist ')' stmt

   94 returnstmt: RETURN expr ';'
   95           | RETURN ';'


Terminals, with rules where they appear

$end (0) 0
'%' (37) 21
'(' (40) 32 44 54 56 59 60 77 89 92 93
')' (41) 32 44 54 56 59 60 77 89 92 93
'*' (42) 19
'+' (43) 17
',' (44) 63 68 86
'-' (45) 18 33
'.' (46) 50 52
'/' (47) 20
':' (58) 70
';' (59) 4 9 10 15 93 94 95
'<' (60) 24
'=' (61) 40
'>' (62) 22
'[' (91) 51 53 65 66
']' (93) 51 53 65 66
'{' (123) 70 72
'}' (125) 70 72
error (256) 14
IF (258) 89
ELSE (259) 90
WHILE (260) 92
FOR (261) 93
NOT (262) 34
RETURN (263) 94 95
BREAK (264) 9
CONTINUE (265) 10
LOCAL (266) 47
DBLCOLON (267) 48
TRUE (268) 82
FALSE (269) 83
NIL (270) 81
FUNCTION (271) 74
EQ (272) 26
NOT_EQ (273) 27
DBLDOT (274)
STR (275) 80
PLUS_PLUS (276) 35 36
MINUS_MINUS (277) 37 38
GREATER_EQ (278) 23
LESS_EQ (279) 25
AND (280) 28
OR (281) 29
UNRECOGNIZED (282) 13
ID (283) 46 47 48 50 52 60 75 84 86
NUMBER (284) 79
UMINUS (285)
DBL_DOT (286) 60


Nonterminals, with rules where they appear

$accept (50)
    on left: 0
program (51)
    on left: 1, on right: 0
stmts (52)
    on left: 2 3, on right: 1 2 72
stmt (53)
    on left: 4 5 6 7 8 9 10 11 12 13 14 15, on right: 2 90 91 92 93
expr (54)
    on left: 16 17 18 19 20 21 22 23 24 25 26 27 28 29 30, on right:
    4 17 18 19 20 21 22 23 24 25 26 27 28 29 32 33 34 40 51 53 61 63
    70 89 92 93 94
M (55)
    on left: 31, on right: 28 29
term (56)
    on left: 32 33 34 35 36 37 38 39, on right: 30
assignexpr (57)
    on left: 40, on right: 16
primary (58)
    on left: 41 42 43 44 45, on right: 39
lvalue (59)
    on left: 46 47 48 49, on right: 35 36 37 38 40 41 50 51 55
member (60)
    on left: 50 51 52 53, on right: 49
call (61)
    on left: 54 55 56, on right: 42 52 53 54
callsuffix (62)
    on left: 57 58, on right: 55
normcall (63)
    on left: 59, on right: 57
methodcall (64)
    on left: 60, on right: 58
elist (65)
    on left: 61 62, on right: 54 56 59 60 65 93
exprs (66)
    on left: 63 64, on right: 61 63
tablemake (67)
    on left: 65 66, on right: 43
indexed (68)
    on left: 67, on right: 66
indexedelems (69)
    on left: 68 69, on right: 67 68
indexedelem (70)
    on left: 70, on right: 67 68
block (71)
    on left: 72, on right: 11 78
$@1 (72)
    on left: 71, on right: 72
funcdef (73)
    on left: 73, on right: 12 44 56
funcprefix (74)
    on left: 74, on right: 73
funcname (75)
    on left: 75 76, on right: 74
funcargs (76)
    on left: 77, on right: 73
funcbody (77)
    on left: 78, on right: 73
const (78)
    on left: 79 80 81 82 83, on right: 45
idlist (79)
    on left: 84 85, on right: 77
ids (80)
    on left: 86 87, on right: 84 86
ifstmt (81)
    on left: 88, on right: 5
ifexpr (82)
    on left: 89, on right: 88
ifsuffix (83)
    on left: 90 91, on right: 88
whilestmt (84)
    on left: 92, on right: 6
forstmt (85)
    on left: 93, on right: 7
returnstmt (86)
    on left: 94 95, on right: 8


state 0

    0 $accept: . program $end

    $default  reduce using rule 3 (stmts)

    program  go to state 1
    stmts    go to state 2


state 1

    0 $accept: program . $end

    $end  shift, and go to state 3


state 2

    1 program: stmts .
    2 stmts: stmts . stmt

    error         shift, and go to state 4
    IF            shift, and go to state 5
    WHILE         shift, and go to state 6
    FOR           shift, and go to state 7
    NOT           shift, and go to state 8
    RETURN        shift, and go to state 9
    BREAK         shift, and go to state 10
    CONTINUE      shift, and go to state 11
    LOCAL         shift, and go to state 12
    DBLCOLON      shift, and go to state 13
    TRUE          shift, and go to state 14
    FALSE         shift, and go to state 15
    NIL           shift, and go to state 16
    FUNCTION      shift, and go to state 17
    STR           shift, and go to state 18
    PLUS_PLUS     shift, and go to state 19
    MINUS_MINUS   shift, and go to state 20
    UNRECOGNIZED  shift, and go to state 21
    ID            shift, and go to state 22
    NUMBER        shift, and go to state 23
    '-'           shift, and go to state 24
    '['           shift, and go to state 25
    '('           shift, and go to state 26
    ';'           shift, and go to state 27
    '{'           shift, and go to state 28

    $end  reduce using rule 1 (program)

    stmt        go to state 29
    expr        go to state 30
    term        go to state 31
    assignexpr  go to state 32
    primary     go to state 33
    lvalue      go to state 34
    member      go to state 35
    call        go to state 36
    tablemake   go to state 37
    block       go to state 38
    funcdef     go to state 39
    funcprefix  go to state 40
    const       go to state 41
    ifstmt      go to state 42
    ifexpr      go to state 43
    whilestmt   go to state 44
    forstmt     go to state 45
    returnstmt  go to state 46


state 3

    0 $accept: program $end .

    $default  accept


state 4

   14 stmt: error .

    $default  reduce using rule 14 (stmt)


state 5

   89 ifexpr: IF . '(' expr ')'

    '('  shift, and go to state 47


state 6

   92 whilestmt: WHILE . '(' expr ')' stmt

    '('  shift, and go to state 48


state 7

   93 forstmt: FOR . '(' elist ';' expr ';' elist ')' stmt

    '('  shift, and go to state 49


state 8

   34 term: NOT . expr

    NOT          shift, and go to state 8
    LOCAL        shift, and go to state 12
    DBLCOLON     shift, and go to state 13
    TRUE         shift, and go to state 14
    FALSE        shift, and go to state 15
    NIL          shift, and go to state 16
    STR          shift, and go to state 18
    PLUS_PLUS    shift, and go to state 19
    MINUS_MINUS  shift, and go to state 20
    ID           shift, and go to state 22
    NUMBER       shift, and go to state 23
    '-'          shift, and go to state 24
    '['          shift, and go to state 25
    '('          shift, and go to state 26

    expr        go to state 50
    term        go to state 31
    assignexpr  go to state 32
    primary     go to state 33
    lvalue      go to state 34
    member      go to state 35
    call        go to state 36
    tablemake   go to state 37
    const       go to state 41


state 9

   94 returnstmt: RETURN . expr ';'
   95           | RETURN . ';'

    NOT          shift, and go to state 8
    LOCAL        shift, and go to state 12
    DBLCOLON     shift, and go to state 13
    TRUE         shift, and go to state 14
    FALSE        shift, and go to state 15
    NIL          shift, and go to state 16
    STR          shift, and go to state 18
    PLUS_PLUS    shift, and go to state 19
    MINUS_MINUS  shift, and go to state 20
    ID           shift, and go to state 22
    NUMBER       shift, and go to state 23
    '-'          shift, and go to state 24
    '['          shift, and go to state 25
    '('          shift, and go to state 26
    ';'          shift, and go to state 51

    expr        go to state 52
    term        go to state 31
    assignexpr  go to state 32
    primary     go to state 33
    lvalue      go to state 34
    member      go to state 35
    call        go to state 36
    tablemake   go to state 37
    const       go to state 41


state 10

    9 stmt: BREAK . ';'

    ';'  shift, and go to state 53


state 11

   10 stmt: CONTINUE . ';'

    ';'  shift, and go to state 54


state 12

   47 lvalue: LOCAL . ID

    ID  shift, and go to state 55


state 13

   48 lvalue: DBLCOLON . ID

    ID  shift, and go to state 56


state 14

   82 const: TRUE .

    $default  reduce using rule 82 (const)


state 15

   83 const: FALSE .

    $default  reduce using rule 83 (const)


state 16

   81 const: NIL .

    $default  reduce using rule 81 (const)


state 17

   74 funcprefix: FUNCTION . funcname

    ID  shift, and go to state 57

    $default  reduce using rule 76 (funcname)

    funcname  go to state 58


state 18

   80 const: STR .

    $default  reduce using rule 80 (const)


state 19

   35 term: PLUS_PLUS . lvalue

    LOCAL     shift, and go to state 12
    DBLCOLON  shift, and go to state 13
    ID        shift, and go to state 22
    '('       shift, and go to state 59

    lvalue  go to state 60
    member  go to state 35
    call    go to state 61


state 20

   37 term: MINUS_MINUS . lvalue

    LOCAL     shift, and go to state 12
    DBLCOLON  shift, and go to state 13
    ID        shift, and go to state 22
    '('       shift, and go to state 59

    lvalue  go to state 62
    member  go to state 35
    call    go to state 61


state 21

   13 stmt: UNRECOGNIZED .

    $default  reduce using rule 13 (stmt)


state 22

   46 lvalue: ID .

    $default  reduce using rule 46 (lvalue)


state 23

   79 const: NUMBER .

    $default  reduce using rule 79 (const)


state 24

   33 term: '-' . expr

    NOT          shift, and go to state 8
    LOCAL        shift, and go to state 12
    DBLCOLON     shift, and go to state 13
    TRUE         shift, and go to state 14
    FALSE        shift, and go to state 15
    NIL          shift, and go to state 16
    STR          shift, and go to state 18
    PLUS_PLUS    shift, and go to state 19
    MINUS_MINUS  shift, and go to state 20
    ID           shift, and go to state 22
    NUMBER       shift, and go to state 23
    '-'          shift, and go to state 24
    '['          shift, and go to state 25
    '('          shift, and go to state 26

    expr        go to state 63
    term        go to state 31
    assignexpr  go to state 32
    primary     go to state 33
    lvalue      go to state 34
    member      go to state 35
    call        go to state 36
    tablemake   go to state 37
    const       go to state 41


state 25

   65 tablemake: '[' . elist ']'
   66          | '[' . indexed ']'

    NOT          shift, and go to state 8
    LOCAL        shift, and go to state 12
    DBLCOLON     shift, and go to state 13
    TRUE         shift, and go to state 14
    FALSE        shift, and go to state 15
    NIL          shift, and go to state 16
    STR          shift, and go to state 18
    PLUS_PLUS    shift, and go to state 19
    MINUS_MINUS  shift, and go to state 20
    ID           shift, and go to state 22
    NUMBER       shift, and go to state 23
    '-'          shift, and go to state 24
    '['          shift, and go to state 25
    '('          shift, and go to state 26
    '{'          shift, and go to state 64

    $default  reduce using rule 62 (elist)

    expr         go to state 65
    term         go to state 31
    assignexpr   go to state 32
    primary      go to state 33
    lvalue       go to state 34
    member       go to state 35
    call         go to state 36
    elist        go to state 66
    tablemake    go to state 37
    indexed      go to state 67
    indexedelem  go to state 68
    const        go to state 41


state 26

   32 term: '(' . expr ')'
   44 primary: '(' . funcdef ')'
   56 call: '(' . funcdef ')' '(' elist ')'

    NOT          shift, and go to state 8
    LOCAL        shift, and go to state 12
    DBLCOLON     shift, and go to state 13
    TRUE         shift, and go to state 14
    FALSE        shift, and go to state 15
    NIL          shift, and go to state 16
    FUNCTION     shift, and go to state 17
    STR          shift, and go to state 18
    PLUS_PLUS    shift, and go to state 19
    MINUS_MINUS  shift, and go to state 20
    ID           shift, and go to state 22
    NUMBER       shift, and go to state 23
    '-'          shift, and go to state 24
    '['          shift, and go to state 25
    '('          shift, and go to state 26

    expr        go to state 69
    term        go to state 31
    assignexpr  go to state 32
    primary     go to state 33
    lvalue      go to state 34
    member      go to state 35
    call        go to state 36
    tablemake   go to state 37
    funcdef     go to state 70
    funcprefix  go to state 40
    const       go to state 41


state 27

   15 stmt: ';' .

    $default  reduce using rule 15 (stmt)


state 28

   72 block: '{' . $@1 stmts '}'

    $default  reduce using rule 71 ($@1)

    $@1  go to state 71


state 29

    2 stmts: stmts stmt .

    $default  reduce using rule 2 (stmts)


state 30

    4 stmt: expr . ';'
   17 expr: expr . '+' expr
   18     | expr . '-' expr
   19     | expr . '*' expr
   20     | expr . '/' expr
   21     | expr . '%' expr
   22     | expr . '>' expr
   23     | expr . GREATER_EQ expr
   24     | expr . '<' expr
   25     | expr . LESS_EQ expr
   26     | expr . EQ expr
   27     | expr . NOT_EQ expr
   28     | expr . AND M expr
   29     | expr . OR M expr

    EQ          shift, and go to state 72
    NOT_EQ      shift, and go to state 73
    GREATER_EQ  shift, and go to state 74
    LESS_EQ     shift, and go to state 75
    AND         shift, and go to state 76
    OR          shift, and go to state 77
    '>'         shift, and go to state 78
    '<'         shift, and go to state 79
    '+'         shift, and go to state 80
    '-'         shift, and go to state 81
    '*'         shift, and go to state 82
    '/'         shift, and go to state 83
    '%'         shift, and go to state 84
    ';'         shift, and go to state 85


state 31

   30 expr: term .

    $default  reduce using rule 30 (expr)


state 32

   16 expr: assignexpr .

    $default  reduce using rule 16 (expr)


state 33

   39 term: primary .

    $default  reduce using rule 39 (term)


state 34

   36 term: lvalue . PLUS_PLUS
   38     | lvalue . MINUS_MINUS
   40 assignexpr: lvalue . '=' expr
   41 primary: lvalue .
   50 member: lvalue . '.' ID
   51       | lvalue . '[' expr ']'
   55 call: lvalue . callsuffix

    PLUS_PLUS    shift, and go to state 86
    MINUS_MINUS  shift, and go to state 87
    '='          shift, and go to state 88
    '.'          shift, and go to state 89
    DBL_DOT      shift, and go to state 90
    '['          shift, and go to state 91
    '('          shift, and go to state 92

    $default  reduce using rule 41 (primary)

    callsuffix  go to state 93
    normcall    go to state 94
    methodcall  go to state 95


state 35

   49 lvalue: member .

    $default  reduce using rule 49 (lvalue)


state 36

   42 primary: call .
   52 member: call . '.' ID
   53       | call . '[' expr ']'
   54 call: call . '(' elist ')'

    '.'  shift, and go to state 96
    '['  shift, and go to state 97
    '('  shift, and go to state 98

    $default  reduce using rule 42 (primary)


state 37

   43 primary: tablemake .

    $default  reduce using rule 43 (primary)


state 38

   11 stmt: block .

    $default  reduce using rule 11 (stmt)


state 39

   12 stmt: funcdef .

    $default  reduce using rule 12 (stmt)


state 40

   73 funcdef: funcprefix . funcargs funcbody

    '('  shift, and go to state 99

    funcargs  go to state 100


state 41

   45 primary: const .

    $default  reduce using rule 45 (primary)


state 42

    5 stmt: ifstmt .

    $default  reduce using rule 5 (stmt)


state 43

   88 ifstmt: ifexpr . ifsuffix

    error         shift, and go to state 4
    IF            shift, and go to state 5
    WHILE         shift, and go to state 6
    FOR           shift, and go to state 7
    NOT           shift, and go to state 8
    RETURN        shift, and go to state 9
    BREAK         shift, and go to state 10
    CONTINUE      shift, and go to state 11
    LOCAL         shift, and go to state 12
    DBLCOLON      shift, and go to state 13
    TRUE          shift, and go to state 14
    FALSE         shift, and go to state 15
    NIL           shift, and go to state 16
    FUNCTION      shift, and go to state 17
    STR           shift, and go to state 18
    PLUS_PLUS     shift, and go to state 19
    MINUS_MINUS   shift, and go to state 20
    UNRECOGNIZED  shift, and go to state 21
    ID            shift, and go to state 22
    NUMBER        shift, and go to state 23
    '-'           shift, and go to state 24
    '['           shift, and go to state 25
    '('           shift, and go to state 26
    ';'           shift, and go to state 27
    '{'           shift, and go to state 28

    stmt        go to state 101
    expr        go to state 30
    term        go to state 31
    assignexpr  go to state 32
    primary     go to state 33
    lvalue      go to state 34
    member      go to state 35
    call        go to state 36
    tablemake   go to state 37
    block       go to state 38
    funcdef     go to state 39
    funcprefix  go to state 40
    const       go to state 41
    ifstmt      go to state 42
    ifexpr      go to state 43
    ifsuffix    go to state 102
    whilestmt   go to state 44
    forstmt     go to state 45
    returnstmt  go to state 46


state 44

    6 stmt: whilestmt .

    $default  reduce using rule 6 (stmt)


state 45

    7 stmt: forstmt .

    $default  reduce using rule 7 (stmt)


state 46

    8 stmt: returnstmt .

    $default  reduce using rule 8 (stmt)


state 47

   89 ifexpr: IF '(' . expr ')'

    NOT          shift, and go to state 8
    LOCAL        shift, and go to state 12
    DBLCOLON     shift, and go to state 13
    TRUE         shift, and go to state 14
    FALSE        shift, and go to state 15
    NIL          shift, and go to state 16
    STR          shift, and go to state 18
    PLUS_PLUS    shift, and go to state 19
    MINUS_MINUS  shift, and go to state 20
    ID           shift, and go to state 22
    NUMBER       shift, and go to state 23
    '-'          shift, and go to state 24
    '['          shift, and go to state 25
    '('          shift, and go to state 26

    expr        go to state 103
    term        go to state 31
    assignexpr  go to state 32
    primary     go to state 33
    lvalue      go to state 34
    member      go to state 35
    call        go to state 36
    tablemake   go to state 37
    const       go to state 41


state 48

   92 whilestmt: WHILE '(' . expr ')' stmt

    NOT          shift, and go to state 8
    LOCAL        shift, and go to state 12
    DBLCOLON     shift, and go to state 13
    TRUE         shift, and go to state 14
    FALSE        shift, and go to state 15
    NIL          shift, and go to state 16
    STR          shift, and go to state 18
    PLUS_PLUS    shift, and go to state 19
    MINUS_MINUS  shift, and go to state 20
    ID           shift, and go to state 22
    NUMBER       shift, and go to state 23
    '-'          shift, and go to state 24
    '['          shift, and go to state 25
    '('          shift, and go to state 26

    expr        go to state 104
    term        go to state 31
    assignexpr  go to state 32
    primary     go to state 33
    lvalue      go to state 34
    member      go to state 35
    call        go to state 36
    tablemake   go to state 37
    const       go to state 41


state 49

   93 forstmt: FOR '(' . elist ';' expr ';' elist ')' stmt

    NOT          shift, and go to state 8
    LOCAL        shift, and go to state 12
    DBLCOLON     shift, and go to state 13
    TRUE         shift, and go to state 14
    FALSE        shift, and go to state 15
    NIL          shift, and go to state 16
    STR          shift, and go to state 18
    PLUS_PLUS    shift, and go to state 19
    MINUS_MINUS  shift, and go to state 20
    ID           shift, and go to state 22
    NUMBER       shift, and go to state 23
    '-'          shift, and go to state 24
    '['          shift, and go to state 25
    '('          shift, and go to state 26

    $default  reduce using rule 62 (elist)

    expr        go to state 65
    term        go to state 31
    assignexpr  go to state 32
    primary     go to state 33
    lvalue      go to state 34
    member      go to state 35
    call        go to state 36
    elist       go to state 105
    tablemake   go to state 37
    const       go to state 41


state 50

   17 expr: expr . '+' expr
   18     | expr . '-' expr
   19     | expr . '*' expr
   20     | expr . '/' expr
   21     | expr . '%' expr
   22     | expr . '>' expr
   23     | expr . GREATER_EQ expr
   24     | expr . '<' expr
   25     | expr . LESS_EQ expr
   26     | expr . EQ expr
   27     | expr . NOT_EQ expr
   28     | expr . AND M expr
   29     | expr . OR M expr
   34 term: NOT expr .

    $default  reduce using rule 34 (term)


state 51

   95 returnstmt: RETURN ';' .

    $default  reduce using rule 95 (returnstmt)


state 52

   17 expr: expr . '+' expr
   18     | expr . '-' expr
   19     | expr . '*' expr
   20     | expr . '/' expr
   21     | expr . '%' expr
   22     | expr . '>' expr
   23     | expr . GREATER_EQ expr
   24     | expr . '<' expr
   25     | expr . LESS_EQ expr
   26     | expr . EQ expr
   27     | expr . NOT_EQ expr
   28     | expr . AND M expr
   29     | expr . OR M expr
   94 returnstmt: RETURN expr . ';'

    EQ          shift, and go to state 72
    NOT_EQ      shift, and go to state 73
    GREATER_EQ  shift, and go to state 74
    LESS_EQ     shift, and go to state 75
    AND         shift, and go to state 76
    OR          shift, and go to state 77
    '>'         shift, and go to state 78
    '<'         shift, and go to state 79
    '+'         shift, and go to state 80
    '-'         shift, and go to state 81
    '*'         shift, and go to state 82
    '/'         shift, and go to state 83
    '%'         shift, and go to state 84
    ';'         shift, and go to state 106


state 53

    9 stmt: BREAK ';' .

    $default  reduce using rule 9 (stmt)


state 54

   10 stmt: CONTINUE ';' .

    $default  reduce using rule 10 (stmt)


state 55

   47 lvalue: LOCAL ID .

    $default  reduce using rule 47 (lvalue)


state 56

   48 lvalue: DBLCOLON ID .

    $default  reduce using rule 48 (lvalue)


state 57

   75 funcname: ID .

    $default  reduce using rule 75 (funcname)


state 58

   74 funcprefix: FUNCTION funcname .

    $default  reduce using rule 74 (funcprefix)


state 59

   56 call: '(' . funcdef ')' '(' elist ')'

    FUNCTION  shift, and go to state 17

    funcdef     go to state 107
    funcprefix  go to state 40


state 60

   35 term: PLUS_PLUS lvalue .
   50 member: lvalue . '.' ID
   51       | lvalue . '[' expr ']'
   55 call: lvalue . callsuffix

    '.'      shift, and go to state 89
    DBL_DOT  shift, and go to state 90
    '['      shift, and go to state 91
    '('      shift, and go to state 92

    $default  reduce using rule 35 (term)

    callsuffix  go to state 93
    normcall    go to state 94
    methodcall  go to state 95


state 61

   52 member: call . '.' ID
   53       | call . '[' expr ']'
   54 call: call . '(' elist ')'

    '.'  shift, and go to state 96
    '['  shift, and go to state 97
    '('  shift, and go to state 98


state 62

   37 term: MINUS_MINUS lvalue .
   50 member: lvalue . '.' ID
   51       | lvalue . '[' expr ']'
   55 call: lvalue . callsuffix

    '.'      shift, and go to state 89
    DBL_DOT  shift, and go to state 90
    '['      shift, and go to state 91
    '('      shift, and go to state 92

    $default  reduce using rule 37 (term)

    callsuffix  go to state 93
    normcall    go to state 94
    methodcall  go to state 95


state 63

   17 expr: expr . '+' expr
   18     | expr . '-' expr
   19     | expr . '*' expr
   20     | expr . '/' expr
   21     | expr . '%' expr
   22     | expr . '>' expr
   23     | expr . GREATER_EQ expr
   24     | expr . '<' expr
   25     | expr . LESS_EQ expr
   26     | expr . EQ expr
   27     | expr . NOT_EQ expr
   28     | expr . AND M expr
   29     | expr . OR M expr
   33 term: '-' expr .

    $default  reduce using rule 33 (term)


state 64

   70 indexedelem: '{' . expr ':' expr '}'

    NOT          shift, and go to state 8
    LOCAL        shift, and go to state 12
    DBLCOLON     shift, and go to state 13
    TRUE         shift, and go to state 14
    FALSE        shift, and go to state 15
    NIL          shift, and go to state 16
    STR          shift, and go to state 18
    PLUS_PLUS    shift, and go to state 19
    MINUS_MINUS  shift, and go to state 20
    ID           shift, and go to state 22
    NUMBER       shift, and go to state 23
    '-'          shift, and go to state 24
    '['          shift, and go to state 25
    '('          shift, and go to state 26

    expr        go to state 108
    term        go to state 31
    assignexpr  go to state 32
    primary     go to state 33
    lvalue      go to state 34
    member      go to state 35
    call        go to state 36
    tablemake   go to state 37
    const       go to state 41


state 65

   17 expr: expr . '+' expr
   18     | expr . '-' expr
   19     | expr . '*' expr
   20     | expr . '/' expr
   21     | expr . '%' expr
   22     | expr . '>' expr
   23     | expr . GREATER_EQ expr
   24     | expr . '<' expr
   25     | expr . LESS_EQ expr
   26     | expr . EQ expr
   27     | expr . NOT_EQ expr
   28     | expr . AND M expr
   29     | expr . OR M expr
   61 elist: expr . exprs

    EQ          shift, and go to state 72
    NOT_EQ      shift, and go to state 73
    GREATER_EQ  shift, and go to state 74
    LESS_EQ     shift, and go to state 75
    AND         shift, and go to state 76
    OR          shift, and go to state 77
    '>'         shift, and go to state 78
    '<'         shift, and go to state 79
    '+'         shift, and go to state 80
    '-'         shift, and go to state 81
    '*'         shift, and go to state 82
    '/'         shift, and go to state 83
    '%'         shift, and go to state 84
    ','         shift, and go to state 109

    $default  reduce using rule 64 (exprs)

    exprs  go to state 110


state 66

   65 tablemake: '[' elist . ']'

    ']'  shift, and go to state 111


state 67

   66 tablemake: '[' indexed . ']'

    ']'  shift, and go to state 112


state 68

   67 indexed: indexedelem . indexedelems

    ','  shift, and go to state 113

    $default  reduce using rule 69 (indexedelems)

    indexedelems  go to state 114


state 69

   17 expr: expr . '+' expr
   18     | expr . '-' expr
   19     | expr . '*' expr
   20     | expr . '/' expr
   21     | expr . '%' expr
   22     | expr . '>' expr
   23     | expr . GREATER_EQ expr
   24     | expr . '<' expr
   25     | expr . LESS_EQ expr
   26     | expr . EQ expr
   27     | expr . NOT_EQ expr
   28     | expr . AND M expr
   29     | expr . OR M expr
   32 term: '(' expr . ')'

    EQ          shift, and go to state 72
    NOT_EQ      shift, and go to state 73
    GREATER_EQ  shift, and go to state 74
    LESS_EQ     shift, and go to state 75
    AND         shift, and go to state 76
    OR          shift, and go to state 77
    '>'         shift, and go to state 78
    '<'         shift, and go to state 79
    '+'         shift, and go to state 80
    '-'         shift, and go to state 81
    '*'         shift, and go to state 82
    '/'         shift, and go to state 83
    '%'         shift, and go to state 84
    ')'         shift, and go to state 115


state 70

   44 primary: '(' funcdef . ')'
   56 call: '(' funcdef . ')' '(' elist ')'

    ')'  shift, and go to state 116


state 71

   72 block: '{' $@1 . stmts '}'

    $default  reduce using rule 3 (stmts)

    stmts  go to state 117


state 72

   26 expr: expr EQ . expr

    NOT          shift, and go to state 8
    LOCAL        shift, and go to state 12
    DBLCOLON     shift, and go to state 13
    TRUE         shift, and go to state 14
    FALSE        shift, and go to state 15
    NIL          shift, and go to state 16
    STR          shift, and go to state 18
    PLUS_PLUS    shift, and go to state 19
    MINUS_MINUS  shift, and go to state 20
    ID           shift, and go to state 22
    NUMBER       shift, and go to state 23
    '-'          shift, and go to state 24
    '['          shift, and go to state 25
    '('          shift, and go to state 26

    expr        go to state 118
    term        go to state 31
    assignexpr  go to state 32
    primary     go to state 33
    lvalue      go to state 34
    member      go to state 35
    call        go to state 36
    tablemake   go to state 37
    const       go to state 41


state 73

   27 expr: expr NOT_EQ . expr

    NOT          shift, and go to state 8
    LOCAL        shift, and go to state 12
    DBLCOLON     shift, and go to state 13
    TRUE         shift, and go to state 14
    FALSE        shift, and go to state 15
    NIL          shift, and go to state 16
    STR          shift, and go to state 18
    PLUS_PLUS    shift, and go to state 19
    MINUS_MINUS  shift, and go to state 20
    ID           shift, and go to state 22
    NUMBER       shift, and go to state 23
    '-'          shift, and go to state 24
    '['          shift, and go to state 25
    '('          shift, and go to state 26

    expr        go to state 119
    term        go to state 31
    assignexpr  go to state 32
    primary     go to state 33
    lvalue      go to state 34
    member      go to state 35
    call        go to state 36
    tablemake   go to state 37
    const       go to state 41


state 74

   23 expr: expr GREATER_EQ . expr

    NOT          shift, and go to state 8
    LOCAL        shift, and go to state 12
    DBLCOLON     shift, and go to state 13
    TRUE         shift, and go to state 14
    FALSE        shift, and go to state 15
    NIL          shift, and go to state 16
    STR          shift, and go to state 18
    PLUS_PLUS    shift, and go to state 19
    MINUS_MINUS  shift, and go to state 20
    ID           shift, and go to state 22
    NUMBER       shift, and go to state 23
    '-'          shift, and go to state 24
    '['          shift, and go to state 25
    '('          shift, and go to state 26

    expr        go to state 120
    term        go to state 31
    assignexpr  go to state 32
    primary     go to state 33
    lvalue      go to state 34
    member      go to state 35
    call        go to state 36
    tablemake   go to state 37
    const       go to state 41


state 75

   25 expr: expr LESS_EQ . expr

    NOT          shift, and go to state 8
    LOCAL        shift, and go to state 12
    DBLCOLON     shift, and go to state 13
    TRUE         shift, and go to state 14
    FALSE        shift, and go to state 15
    NIL          shift, and go to state 16
    STR          shift, and go to state 18
    PLUS_PLUS    shift, and go to state 19
    MINUS_MINUS  shift, and go to state 20
    ID           shift, and go to state 22
    NUMBER       shift, and go to state 23
    '-'          shift, and go to state 24
    '['          shift, and go to state 25
    '('          shift, and go to state 26

    expr        go to state 121
    term        go to state 31
    assignexpr  go to state 32
    primary     go to state 33
    lvalue      go to state 34
    member      go to state 35
    call        go to state 36
    tablemake   go to state 37
    const       go to state 41


state 76

   28 expr: expr AND . M expr

    $default  reduce using rule 31 (M)

    M  go to state 122


state 77

   29 expr: expr OR . M expr

    $default  reduce using rule 31 (M)

    M  go to state 123


state 78

   22 expr: expr '>' . expr

    NOT          shift, and go to state 8
    LOCAL        shift, and go to state 12
    DBLCOLON     shift, and go to state 13
    TRUE         shift, and go to state 14
    FALSE        shift, and go to state 15
    NIL          shift, and go to state 16
    STR          shift, and go to state 18
    PLUS_PLUS    shift, and go to state 19
    MINUS_MINUS  shift, and go to state 20
    ID           shift, and go to state 22
    NUMBER       shift, and go to state 23
    '-'          shift, and go to state 24
    '['          shift, and go to state 25
    '('          shift, and go to state 26

    expr        go to state 124
    term        go to state 31
    assignexpr  go to state 32
    primary     go to state 33
    lvalue      go to state 34
    member      go to state 35
    call        go to state 36
    tablemake   go to state 37
    const       go to state 41


state 79

   24 expr: expr '<' . expr

    NOT          shift, and go to state 8
    LOCAL        shift, and go to state 12
    DBLCOLON     shift, and go to state 13
    TRUE         shift, and go to state 14
    FALSE        shift, and go to state 15
    NIL          shift, and go to state 16
    STR          shift, and go to state 18
    PLUS_PLUS    shift, and go to state 19
    MINUS_MINUS  shift, and go to state 20
    ID           shift, and go to state 22
    NUMBER       shift, and go to state 23
    '-'          shift, and go to state 24
    '['          shift, and go to state 25
    '('          shift, and go to state 26

    expr        go to state 125
    term        go to state 31
    assignexpr  go to state 32
    primary     go to state 33
    lvalue      go to state 34
    member      go to state 35
    call        go to state 36
    tablemake   go to state 37
    const       go to state 41


state 80

   17 expr: expr '+' . expr

    NOT          shift, and go to state 8
    LOCAL        shift, and go to state 12
    DBLCOLON     shift, and go to state 13
    TRUE         shift, and go to state 14
    FALSE        shift, and go to state 15
    NIL          shift, and go to state 16
    STR          shift, and go to state 18
    PLUS_PLUS    shift, and go to state 19
    MINUS_MINUS  shift, and go to state 20
    ID           shift, and go to state 22
    NUMBER       shift, and go to state 23
    '-'          shift, and go to state 24
    '['          shift, and go to state 25
    '('          shift, and go to state 26

    expr        go to state 126
    term        go to state 31
    assignexpr  go to state 32
    primary     go to state 33
    lvalue      go to state 34
    member      go to state 35
    call        go to state 36
    tablemake   go to state 37
    const       go to state 41


state 81

   18 expr: expr '-' . expr

    NOT          shift, and go to state 8
    LOCAL        shift, and go to state 12
    DBLCOLON     shift, and go to state 13
    TRUE         shift, and go to state 14
    FALSE        shift, and go to state 15
    NIL          shift, and go to state 16
    STR          shift, and go to state 18
    PLUS_PLUS    shift, and go to state 19
    MINUS_MINUS  shift, and go to state 20
    ID           shift, and go to state 22
    NUMBER       shift, and go to state 23
    '-'          shift, and go to state 24
    '['          shift, and go to state 25
    '('          shift, and go to state 26

    expr        go to state 127
    term        go to state 31
    assignexpr  go to state 32
    primary     go to state 33
    lvalue      go to state 34
    member      go to state 35
    call        go to state 36
    tablemake   go to state 37
    const       go to state 41


state 82

   19 expr: expr '*' . expr

    NOT          shift, and go to state 8
    LOCAL        shift, and go to state 12
    DBLCOLON     shift, and go to state 13
    TRUE         shift, and go to state 14
    FALSE        shift, and go to state 15
    NIL          shift, and go to state 16
    STR          shift, and go to state 18
    PLUS_PLUS    shift, and go to state 19
    MINUS_MINUS  shift, and go to state 20
    ID           shift, and go to state 22
    NUMBER       shift, and go to state 23
    '-'          shift, and go to state 24
    '['          shift, and go to state 25
    '('          shift, and go to state 26

    expr        go to state 128
    term        go to state 31
    assignexpr  go to state 32
    primary     go to state 33
    lvalue      go to state 34
    member      go to state 35
    call        go to state 36
    tablemake   go to state 37
    const       go to state 41


state 83

   20 expr: expr '/' . expr

    NOT          shift, and go to state 8
    LOCAL        shift, and go to state 12
    DBLCOLON     shift, and go to state 13
    TRUE         shift, and go to state 14
    FALSE        shift, and go to state 15
    NIL          shift, and go to state 16
    STR          shift, and go to state 18
    PLUS_PLUS    shift, and go to state 19
    MINUS_MINUS  shift, and go to state 20
    ID           shift, and go to state 22
    NUMBER       shift, and go to state 23
    '-'          shift, and go to state 24
    '['          shift, and go to state 25
    '('          shift, and go to state 26

    expr        go to state 129
    term        go to state 31
    assignexpr  go to state 32
    primary     go to state 33
    lvalue      go to state 34
    member      go to state 35
    call        go to state 36
    tablemake   go to state 37
    const       go to state 41


state 84

   21 expr: expr '%' . expr

    NOT          shift, and go to state 8
    LOCAL        shift, and go to state 12
    DBLCOLON     shift, and go to state 13
    TRUE         shift, and go to state 14
    FALSE        shift, and go to state 15
    NIL          shift, and go to state 16
    STR          shift, and go to state 18
    PLUS_PLUS    shift, and go to state 19
    MINUS_MINUS  shift, and go to state 20
    ID           shift, and go to state 22
    NUMBER       shift, and go to state 23
    '-'          shift, and go to state 24
    '['          shift, and go to state 25
    '('          shift, and go to state 26

    expr        go to state 130
    term        go to state 31
    assignexpr  go to state 32
    primary     go to state 33
    lvalue      go to state 34
    member      go to state 35
    call        go to state 36
    tablemake   go to state 37
    const       go to state 41


state 85

    4 stmt: expr ';' .

    $default  reduce using rule 4 (stmt)


state 86

   36 term: lvalue PLUS_PLUS .

    $default  reduce using rule 36 (term)


state 87

   38 term: lvalue MINUS_MINUS .

    $default  reduce using rule 38 (term)


state 88

   40 assignexpr: lvalue '=' . expr

    NOT          shift, and go to state 8
    LOCAL        shift, and go to state 12
    DBLCOLON     shift, and go to state 13
    TRUE         shift, and go to state 14
    FALSE        shift, and go to state 15
    NIL          shift, and go to state 16
    STR          shift, and go to state 18
    PLUS_PLUS    shift, and go to state 19
    MINUS_MINUS  shift, and go to state 20
    ID           shift, and go to state 22
    NUMBER       shift, and go to state 23
    '-'          shift, and go to state 24
    '['          shift, and go to state 25
    '('          shift, and go to state 26

    expr        go to state 131
    term        go to state 31
    assignexpr  go to state 32
    primary     go to state 33
    lvalue      go to state 34
    member      go to state 35
    call        go to state 36
    tablemake   go to state 37
    const       go to state 41


state 89

   50 member: lvalue '.' . ID

    ID  shift, and go to state 132


state 90

   60 methodcall: DBL_DOT . ID '(' elist ')'

    ID  shift, and go to state 133


state 91

   51 member: lvalue '[' . expr ']'

    NOT          shift, and go to state 8
    LOCAL        shift, and go to state 12
    DBLCOLON     shift, and go to state 13
    TRUE         shift, and go to state 14
    FALSE        shift, and go to state 15
    NIL          shift, and go to state 16
    STR          shift, and go to state 18
    PLUS_PLUS    shift, and go to state 19
    MINUS_MINUS  shift, and go to state 20
    ID           shift, and go to state 22
    NUMBER       shift, and go to state 23
    '-'          shift, and go to state 24
    '['          shift, and go to state 25
    '('          shift, and go to state 26

    expr        go to state 134
    term        go to state 31
    assignexpr  go to state 32
    primary     go to state 33
    lvalue      go to state 34
    member      go to state 35
    call        go to state 36
    tablemake   go to state 37
    const       go to state 41


state 92

   59 normcall: '(' . elist ')'

    NOT          shift, and go to state 8
    LOCAL        shift, and go to state 12
    DBLCOLON     shift, and go to state 13
    TRUE         shift, and go to state 14
    FALSE        shift, and go to state 15
    NIL          shift, and go to state 16
    STR          shift, and go to state 18
    PLUS_PLUS    shift, and go to state 19
    MINUS_MINUS  shift, and go to state 20
    ID           shift, and go to state 22
    NUMBER       shift, and go to state 23
    '-'          shift, and go to state 24
    '['          shift, and go to state 25
    '('          shift, and go to state 26

    $default  reduce using rule 62 (elist)

    expr        go to state 65
    term        go to state 31
    assignexpr  go to state 32
    primary     go to state 33
    lvalue      go to state 34
    member      go to state 35
    call        go to state 36
    elist       go to state 135
    tablemake   go to state 37
    const       go to state 41


state 93

   55 call: lvalue callsuffix .

    $default  reduce using rule 55 (call)


state 94

   57 callsuffix: normcall .

    $default  reduce using rule 57 (callsuffix)


state 95

   58 callsuffix: methodcall .

    $default  reduce using rule 58 (callsuffix)


state 96

   52 member: call '.' . ID

    ID  shift, and go to state 136


state 97

   53 member: call '[' . expr ']'

    NOT          shift, and go to state 8
    LOCAL        shift, and go to state 12
    DBLCOLON     shift, and go to state 13
    TRUE         shift, and go to state 14
    FALSE        shift, and go to state 15
    NIL          shift, and go to state 16
    STR          shift, and go to state 18
    PLUS_PLUS    shift, and go to state 19
    MINUS_MINUS  shift, and go to state 20
    ID           shift, and go to state 22
    NUMBER       shift, and go to state 23
    '-'          shift, and go to state 24
    '['          shift, and go to state 25
    '('          shift, and go to state 26

    expr        go to state 137
    term        go to state 31
    assignexpr  go to state 32
    primary     go to state 33
    lvalue      go to state 34
    member      go to state 35
    call        go to state 36
    tablemake   go to state 37
    const       go to state 41


state 98

   54 call: call '(' . elist ')'

    NOT          shift, and go to state 8
    LOCAL        shift, and go to state 12
    DBLCOLON     shift, and go to state 13
    TRUE         shift, and go to state 14
    FALSE        shift, and go to state 15
    NIL          shift, and go to state 16
    STR          shift, and go to state 18
    PLUS_PLUS    shift, and go to state 19
    MINUS_MINUS  shift, and go to state 20
    ID           shift, and go to state 22
    NUMBER       shift, and go to state 23
    '-'          shift, and go to state 24
    '['          shift, and go to state 25
    '('          shift, and go to state 26

    $default  reduce using rule 62 (elist)

    expr        go to state 65
    term        go to state 31
    assignexpr  go to state 32
    primary     go to state 33
    lvalue      go to state 34
    member      go to state 35
    call        go to state 36
    elist       go to state 138
    tablemake   go to state 37
    const       go to state 41


state 99

   77 funcargs: '(' . idlist ')'

    ID  shift, and go to state 139

    $default  reduce using rule 85 (idlist)

    idlist  go to state 140


state 100

   73 funcdef: funcprefix funcargs . funcbody

    '{'  shift, and go to state 28

    block     go to state 141
    funcbody  go to state 142


state 101

   90 ifsuffix: stmt . ELSE stmt
   91         | stmt .

    ELSE  shift, and go to state 143

    ELSE      [reduce using rule 91 (ifsuffix)]
    $default  reduce using rule 91 (ifsuffix)


state 102

   88 ifstmt: ifexpr ifsuffix .

    $default  reduce using rule 88 (ifstmt)


state 103

   17 expr: expr . '+' expr
   18     | expr . '-' expr
   19     | expr . '*' expr
   20     | expr . '/' expr
   21     | expr . '%' expr
   22     | expr . '>' expr
   23     | expr . GREATER_EQ expr
   24     | expr . '<' expr
   25     | expr . LESS_EQ expr
   26     | expr . EQ expr
   27     | expr . NOT_EQ expr
   28     | expr . AND M expr
   29     | expr . OR M expr
   89 ifexpr: IF '(' expr . ')'

    EQ          shift, and go to state 72
    NOT_EQ      shift, and go to state 73
    GREATER_EQ  shift, and go to state 74
    LESS_EQ     shift, and go to state 75
    AND         shift, and go to state 76
    OR          shift, and go to state 77
    '>'         shift, and go to state 78
    '<'         shift, and go to state 79
    '+'         shift, and go to state 80
    '-'         shift, and go to state 81
    '*'         shift, and go to state 82
    '/'         shift, and go to state 83
    '%'         shift, and go to state 84
    ')'         shift, and go to state 144


state 104

   17 expr: expr . '+' expr
   18     | expr . '-' expr
   19     | expr . '*' expr
   20     | expr . '/' expr
   21     | expr . '%' expr
   22     | expr . '>' expr
   23     | expr . GREATER_EQ expr
   24     | expr . '<' expr
   25     | expr . LESS_EQ expr
   26     | expr . EQ expr
   27     | expr . NOT_EQ expr
   28     | expr . AND M expr
   29     | expr . OR M expr
   92 whilestmt: WHILE '(' expr . ')' stmt

    EQ          shift, and go to state 72
    NOT_EQ      shift, and go to state 73
    GREATER_EQ  shift, and go to state 74
    LESS_EQ     shift, and go to state 75
    AND         shift, and go to state 76
    OR          shift, and go to state 77
    '>'         shift, and go to state 78
    '<'         shift, and go to state 79
    '+'         shift, and go to state 80
    '-'         shift, and go to state 81
    '*'         shift, and go to state 82
    '/'         shift, and go to state 83
    '%'         shift, and go to state 84
    ')'         shift, and go to state 145


state 105

   93 forstmt: FOR '(' elist . ';' expr ';' elist ')' stmt

    ';'  shift, and go to state 146


state 106

   94 returnstmt: RETURN expr ';' .

    $default  reduce using rule 94 (returnstmt)


state 107

   56 call: '(' funcdef . ')' '(' elist ')'

    ')'  shift, and go to state 147


state 108

   17 expr: expr . '+' expr
   18     | expr . '-' expr
   19     | expr . '*' expr
   20     | expr . '/' expr
   21     | expr . '%' expr
   22     | expr . '>' expr
   23     | expr . GREATER_EQ expr
   24     | expr . '<' expr
   25     | expr . LESS_EQ expr
   26     | expr . EQ expr
   27     | expr . NOT_EQ expr
   28     | expr . AND M expr
   29     | expr . OR M expr
   70 indexedelem: '{' expr . ':' expr '}'

    EQ          shift, and go to state 72
    NOT_EQ      shift, and go to state 73
    GREATER_EQ  shift, and go to state 74
    LESS_EQ     shift, and go to state 75
    AND         shift, and go to state 76
    OR          shift, and go to state 77
    '>'         shift, and go to state 78
    '<'         shift, and go to state 79
    '+'         shift, and go to state 80
    '-'         shift, and go to state 81
    '*'         shift, and go to state 82
    '/'         shift, and go to state 83
    '%'         shift, and go to state 84
    ':'         shift, and go to state 148


state 109

   63 exprs: ',' . expr exprs

    NOT          shift, and go to state 8
    LOCAL        shift, and go to state 12
    DBLCOLON     shift, and go to state 13
    TRUE         shift, and go to state 14
    FALSE        shift, and go to state 15
    NIL          shift, and go to state 16
    STR          shift, and go to state 18
    PLUS_PLUS    shift, and go to state 19
    MINUS_MINUS  shift, and go to state 20
    ID           shift, and go to state 22
    NUMBER       shift, and go to state 23
    '-'          shift, and go to state 24
    '['          shift, and go to state 25
    '('          shift, and go to state 26

    expr        go to state 149
    term        go to state 31
    assignexpr  go to state 32
    primary     go to state 33
    lvalue      go to state 34
    member      go to state 35
    call        go to state 36
    tablemake   go to state 37
    const       go to state 41


state 110

   61 elist: expr exprs .

    $default  reduce using rule 61 (elist)


state 111

   65 tablemake: '[' elist ']' .

    $default  reduce using rule 65 (tablemake)


state 112

   66 tablemake: '[' indexed ']' .

    $default  reduce using rule 66 (tablemake)


state 113

   68 indexedelems: ',' . indexedelem indexedelems

    '{'  shift, and go to state 64

    indexedelem  go to state 150


state 114

   67 indexed: indexedelem indexedelems .

    $default  reduce using rule 67 (indexed)


state 115

   32 term: '(' expr ')' .

    $default  reduce using rule 32 (term)


state 116

   44 primary: '(' funcdef ')' .
   56 call: '(' funcdef ')' . '(' elist ')'

    '('  shift, and go to state 151

    $default  reduce using rule 44 (primary)


state 117

    2 stmts: stmts . stmt
   72 block: '{' $@1 stmts . '}'

    error         shift, and go to state 4
    IF            shift, and go to state 5
    WHILE         shift, and go to state 6
    FOR           shift, and go to state 7
    NOT           shift, and go to state 8
    RETURN        shift, and go to state 9
    BREAK         shift, and go to state 10
    CONTINUE      shift, and go to state 11
    LOCAL         shift, and go to state 12
    DBLCOLON      shift, and go to state 13
    TRUE          shift, and go to state 14
    FALSE         shift, and go to state 15
    NIL           shift, and go to state 16
    FUNCTION      shift, and go to state 17
    STR           shift, and go to state 18
    PLUS_PLUS     shift, and go to state 19
    MINUS_MINUS   shift, and go to state 20
    UNRECOGNIZED  shift, and go to state 21
    ID            shift, and go to state 22
    NUMBER        shift, and go to state 23
    '-'           shift, and go to state 24
    '['           shift, and go to state 25
    '('           shift, and go to state 26
    ';'           shift, and go to state 27
    '{'           shift, and go to state 28
    '}'           shift, and go to state 152

    stmt        go to state 29
    expr        go to state 30
    term        go to state 31
    assignexpr  go to state 32
    primary     go to state 33
    lvalue      go to state 34
    member      go to state 35
    call        go to state 36
    tablemake   go to state 37
    block       go to state 38
    funcdef     go to state 39
    funcprefix  go to state 40
    const       go to state 41
    ifstmt      go to state 42
    ifexpr      go to state 43
    whilestmt   go to state 44
    forstmt     go to state 45
    returnstmt  go to state 46


state 118

   17 expr: expr . '+' expr
   18     | expr . '-' expr
   19     | expr . '*' expr
   20     | expr . '/' expr
   21     | expr . '%' expr
   22     | expr . '>' expr
   23     | expr . GREATER_EQ expr
   24     | expr . '<' expr
   25     | expr . LESS_EQ expr
   26     | expr . EQ expr
   26     | expr EQ expr .
   27     | expr . NOT_EQ expr
   28     | expr . AND M expr
   29     | expr . OR M expr

    GREATER_EQ  shift, and go to state 74
    LESS_EQ     shift, and go to state 75
    '>'         shift, and go to state 78
    '<'         shift, and go to state 79
    '+'         shift, and go to state 80
    '-'         shift, and go to state 81
    '*'         shift, and go to state 82
    '/'         shift, and go to state 83
    '%'         shift, and go to state 84

    EQ      error (nonassociative)
    NOT_EQ  error (nonassociative)

    $default  reduce using rule 26 (expr)


state 119

   17 expr: expr . '+' expr
   18     | expr . '-' expr
   19     | expr . '*' expr
   20     | expr . '/' expr
   21     | expr . '%' expr
   22     | expr . '>' expr
   23     | expr . GREATER_EQ expr
   24     | expr . '<' expr
   25     | expr . LESS_EQ expr
   26     | expr . EQ expr
   27     | expr . NOT_EQ expr
   27     | expr NOT_EQ expr .
   28     | expr . AND M expr
   29     | expr . OR M expr

    GREATER_EQ  shift, and go to state 74
    LESS_EQ     shift, and go to state 75
    '>'         shift, and go to state 78
    '<'         shift, and go to state 79
    '+'         shift, and go to state 80
    '-'         shift, and go to state 81
    '*'         shift, and go to state 82
    '/'         shift, and go to state 83
    '%'         shift, and go to state 84

    EQ      error (nonassociative)
    NOT_EQ  error (nonassociative)

    $default  reduce using rule 27 (expr)


state 120

   17 expr: expr . '+' expr
   18     | expr . '-' expr
   19     | expr . '*' expr
   20     | expr . '/' expr
   21     | expr . '%' expr
   22     | expr . '>' expr
   23     | expr . GREATER_EQ expr
   23     | expr GREATER_EQ expr .
   24     | expr . '<' expr
   25     | expr . LESS_EQ expr
   26     | expr . EQ expr
   27     | expr . NOT_EQ expr
   28     | expr . AND M expr
   29     | expr . OR M expr

    '+'  shift, and go to state 80
    '-'  shift, and go to state 81
    '*'  shift, and go to state 82
    '/'  shift, and go to state 83
    '%'  shift, and go to state 84

    GREATER_EQ  error (nonassociative)
    LESS_EQ     error (nonassociative)
    '>'         error (nonassociative)
    '<'         error (nonassociative)

    $default  reduce using rule 23 (expr)


state 121

   17 expr: expr . '+' expr
   18     | expr . '-' expr
   19     | expr . '*' expr
   20     | expr . '/' expr
   21     | expr . '%' expr
   22     | expr . '>' expr
   23     | expr . GREATER_EQ expr
   24     | expr . '<' expr
   25     | expr . LESS_EQ expr
   25     | expr LESS_EQ expr .
   26     | expr . EQ expr
   27     | expr . NOT_EQ expr
   28     | expr . AND M expr
   29     | expr . OR M expr

    '+'  shift, and go to state 80
    '-'  shift, and go to state 81
    '*'  shift, and go to state 82
    '/'  shift, and go to state 83
    '%'  shift, and go to state 84

    GREATER_EQ  error (nonassociative)
    LESS_EQ     error (nonassociative)
    '>'         error (nonassociative)
    '<'         error (nonassociative)

    $default  reduce using rule 25 (expr)


state 122

   28 expr: expr AND M . expr

    NOT          shift, and go to state 8
    LOCAL        shift, and go to state 12
    DBLCOLON     shift, and go to state 13
    TRUE         shift, and go to state 14
    FALSE        shift, and go to state 15
    NIL          shift, and go to state 16
    STR          shift, and go to state 18
    PLUS_PLUS    shift, and go to state 19
    MINUS_MINUS  shift, and go to state 20
    ID           shift, and go to state 22
    NUMBER       shift, and go to state 23
    '-'          shift, and go to state 24
    '['          shift, and go to state 25
    '('          shift, and go to state 26

    expr        go to state 153
    term        go to state 31
    assignexpr  go to state 32
    primary     go to state 33
    lvalue      go to state 34
    member      go to state 35
    call        go to state 36
    tablemake   go to state 37
    const       go to state 41


state 123

   29 expr: expr OR M . expr

    NOT          shift, and go to state 8
    LOCAL        shift, and go to state 12
    DBLCOLON     shift, and go to state 13
    TRUE         shift, and go to state 14
    FALSE        shift, and go to state 15
    NIL          shift, and go to state 16
    STR          shift, and go to state 18
    PLUS_PLUS    shift, and go to state 19
    MINUS_MINUS  shift, and go to state 20
    ID           shift, and go to state 22
    NUMBER       shift, and go to state 23
    '-'          shift, and go to state 24
    '['          shift, and go to state 25
    '('          shift, and go to state 26

    expr        go to state 154
    term        go to state 31
    assignexpr  go to state 32
    primary     go to state 33
    lvalue      go to state 34
    member      go to state 35
    call        go to state 36
    tablemake   go to state 37
    const       go to state 41


state 124

   17 expr: expr . '+' expr
   18     | expr . '-' expr
   19     | expr . '*' expr
   20     | expr . '/' expr
   21     | expr . '%' expr
   22     | expr . '>' expr
   22     | expr '>' expr .
   23     | expr . GREATER_EQ expr
   24     | expr . '<' expr
   25     | expr . LESS_EQ expr
   26     | expr . EQ expr
   27     | expr . NOT_EQ expr
   28     | expr . AND M expr
   29     | expr . OR M expr

    '+'  shift, and go to state 80
    '-'  shift, and go to state 81
    '*'  shift, and go to state 82
    '/'  shift, and go to state 83
    '%'  shift, and go to state 84

    GREATER_EQ  error (nonassociative)
    LESS_EQ     error (nonassociative)
    '>'         error (nonassociative)
    '<'         error (nonassociative)

    $default  reduce using rule 22 (expr)


state 125

   17 expr: expr . '+' expr
   18     | expr . '-' expr
   19     | expr . '*' expr
   20     | expr . '/' expr
   21     | expr . '%' expr
   22     | expr . '>' expr
   23     | expr . GREATER_EQ expr
   24     | expr . '<' expr
   24     | expr '<' expr .
   25     | expr . LESS_EQ expr
   26     | expr . EQ expr
   27     | expr . NOT_EQ expr
   28     | expr . AND M expr
   29     | expr . OR M expr

    '+'  shift, and go to state 80
    '-'  shift, and go to state 81
    '*'  shift, and go to state 82
    '/'  shift, and go to state 83
    '%'  shift, and go to state 84

    GREATER_EQ  error (nonassociative)
    LESS_EQ     error (nonassociative)
    '>'         error (nonassociative)
    '<'         error (nonassociative)

    $default  reduce using rule 24 (expr)


state 126

   17 expr: expr . '+' expr
   17     | expr '+' expr .
   18     | expr . '-' expr
   19     | expr . '*' expr
   20     | expr . '/' expr
   21     | expr . '%' expr
   22     | expr . '>' expr
   23     | expr . GREATER_EQ expr
   24     | expr . '<' expr
   25     | expr . LESS_EQ expr
   26     | expr . EQ expr
   27     | expr . NOT_EQ expr
   28     | expr . AND M expr
   29     | expr . OR M expr

    '*'  shift, and go to state 82
    '/'  shift, and go to state 83
    '%'  shift, and go to state 84

    $default  reduce using rule 17 (expr)


state 127

   17 expr: expr . '+' expr
   18     | expr . '-' expr
   18     | expr '-' expr .
   19     | expr . '*' expr
   20     | expr . '/' expr
   21     | expr . '%' expr
   22     | expr . '>' expr
   23     | expr . GREATER_EQ expr
   24     | expr . '<' expr
   25     | expr . LESS_EQ expr
   26     | expr . EQ expr
   27     | expr . NOT_EQ expr
   28     | expr . AND M expr
   29     | expr . OR M expr

    '*'  shift, and go to state 82
    '/'  shift, and go to state 83
    '%'  shift, and go to state 84

    $default  reduce using rule 18 (expr)


state 128

   17 expr: expr . '+' expr
   18     | expr . '-' expr
   19     | expr . '*' expr
   19     | expr '*' expr .
   20     | expr . '/' expr
   21     | expr . '%' expr
   22     | expr . '>' expr
   23     | expr . GREATER_EQ expr
   24     | expr . '<' expr
   25     | expr . LESS_EQ expr
   26     | expr . EQ expr
   27     | expr . NOT_EQ expr
   28     | expr . AND M expr
   29     | expr . OR M expr

    $default  reduce using rule 19 (expr)


state 129

   17 expr: expr . '+' expr
   18     | expr . '-' expr
   19     | expr . '*' expr
   20     | expr . '/' expr
   20     | expr '/' expr .
   21     | expr . '%' expr
   22     | expr . '>' expr
   23     | expr . GREATER_EQ expr
   24     | expr . '<' expr
   25     | expr . LESS_EQ expr
   26     | expr . EQ expr
   27     | expr . NOT_EQ expr
   28     | expr . AND M expr
   29     | expr . OR M expr

    $default  reduce using rule 20 (expr)


state 130

   17 expr: expr . '+' expr
   18     | expr . '-' expr
   19     | expr . '*' expr
   20     | expr . '/' expr
   21     | expr . '%' expr
   21     | expr '%' expr .
   22     | expr . '>' expr
   23     | expr . GREATER_EQ expr
   24     | expr . '<' expr
   25     | expr . LESS_EQ expr
   26     | expr . EQ expr
   27     | expr . NOT_EQ expr
   28     | expr . AND M expr
   29     | expr . OR M expr

    $default  reduce using rule 21 (expr)


state 131

   17 expr: expr . '+' expr
   18     | expr . '-' expr
   19     | expr . '*' expr
   20     | expr . '/' expr
   21     | expr . '%' expr
   22     | expr . '>' expr
   23     | expr . GREATER_EQ expr
   24     | expr . '<' expr
   25     | expr . LESS_EQ expr
   26     | expr . EQ expr
   27     | expr . NOT_EQ expr
   28     | expr . AND M expr
   29     | expr . OR M expr
   40 assignexpr: lvalue '=' expr .

    EQ          shift, and go to state 72
    NOT_EQ      shift, and go to state 73
    GREATER_EQ  shift, and go to state 74
    LESS_EQ     shift, and go to state 75
    AND         shift, and go to state 76
    OR          shift, and go to state 77
    '>'         shift, and go to state 78
    '<'         shift, and go to state 79
    '+'         shift, and go to state 80
    '-'         shift, and go to state 81
    '*'         shift, and go to state 82
    '/'         shift, and go to state 83
    '%'         shift, and go to state 84

    $default  reduce using rule 40 (assignexpr)


state 132

   50 member: lvalue '.' ID .

    $default  reduce using rule 50 (member)


state 133

   60 methodcall: DBL_DOT ID . '(' elist ')'

    '('  shift, and go to state 155


state 134

   17 expr: expr . '+' expr
   18     | expr . '-' expr
   19     | expr . '*' expr
   20     | expr . '/' expr
   21     | expr . '%' expr
   22     | expr . '>' expr
   23     | expr . GREATER_EQ expr
   24     | expr . '<' expr
   25     | expr . LESS_EQ expr
   26     | expr . EQ expr
   27     | expr . NOT_EQ expr
   28     | expr . AND M expr
   29     | expr . OR M expr
   51 member: lvalue '[' expr . ']'

    EQ          shift, and go to state 72
    NOT_EQ      shift, and go to state 73
    GREATER_EQ  shift, and go to state 74
    LESS_EQ     shift, and go to state 75
    AND         shift, and go to state 76
    OR          shift, and go to state 77
    '>'         shift, and go to state 78
    '<'         shift, and go to state 79
    '+'         shift, and go to state 80
    '-'         shift, and go to state 81
    '*'         shift, and go to state 82
    '/'         shift, and go to state 83
    '%'         shift, and go to state 84
    ']'         shift, and go to state 156


state 135

   59 normcall: '(' elist . ')'

    ')'  shift, and go to state 157


state 136

   52 member: call '.' ID .

    $default  reduce using rule 52 (member)


state 137

   17 expr: expr . '+' expr
   18     | expr . '-' expr
   19     | expr . '*' expr
   20     | expr . '/' expr
   21     | expr . '%' expr
   22     | expr . '>' expr
   23     | expr . GREATER_EQ expr
   24     | expr . '<' expr
   25     | expr . LESS_EQ expr
   26     | expr . EQ expr
   27     | expr . NOT_EQ expr
   28     | expr . AND M expr
   29     | expr . OR M expr
   53 member: call '[' expr . ']'

    EQ          shift, and go to state 72
    NOT_EQ      shift, and go to state 73
    GREATER_EQ  shift, and go to state 74
    LESS_EQ     shift, and go to state 75
    AND         shift, and go to state 76
    OR          shift, and go to state 77
    '>'         shift, and go to state 78
    '<'         shift, and go to state 79
    '+'         shift, and go to state 80
    '-'         shift, and go to state 81
    '*'         shift, and go to state 82
    '/'         shift, and go to state 83
    '%'         shift, and go to state 84
    ']'         shift, and go to state 158


state 138

   54 call: call '(' elist . ')'

    ')'  shift, and go to state 159


state 139

   84 idlist: ID . ids

    ','  shift, and go to state 160

    $default  reduce using rule 87 (ids)

    ids  go to state 161


state 140

   77 funcargs: '(' idlist . ')'

    ')'  shift, and go to state 162


state 141

   78 funcbody: block .

    $default  reduce using rule 78 (funcbody)


state 142

   73 funcdef: funcprefix funcargs funcbody .

    $default  reduce using rule 73 (funcdef)


state 143

   90 ifsuffix: stmt ELSE . stmt

    error         shift, and go to state 4
    IF            shift, and go to state 5
    WHILE         shift, and go to state 6
    FOR           shift, and go to state 7
    NOT           shift, and go to state 8
    RETURN        shift, and go to state 9
    BREAK         shift, and go to state 10
    CONTINUE      shift, and go to state 11
    LOCAL         shift, and go to state 12
    DBLCOLON      shift, and go to state 13
    TRUE          shift, and go to state 14
    FALSE         shift, and go to state 15
    NIL           shift, and go to state 16
    FUNCTION      shift, and go to state 17
    STR           shift, and go to state 18
    PLUS_PLUS     shift, and go to state 19
    MINUS_MINUS   shift, and go to state 20
    UNRECOGNIZED  shift, and go to state 21
    ID            shift, and go to state 22
    NUMBER        shift, and go to state 23
    '-'           shift, and go to state 24
    '['           shift, and go to state 25
    '('           shift, and go to state 26
    ';'           shift, and go to state 27
    '{'           shift, and go to state 28

    stmt        go to state 163
    expr        go to state 30
    term        go to state 31
    assignexpr  go to state 32
    primary     go to state 33
    lvalue      go to state 34
    member      go to state 35
    call        go to state 36
    tablemake   go to state 37
    block       go to state 38
    funcdef     go to state 39
    funcprefix  go to state 40
    const       go to state 41
    ifstmt      go to state 42
    ifexpr      go to state 43
    whilestmt   go to state 44
    forstmt     go to state 45
    returnstmt  go to state 46


state 144

   89 ifexpr: IF '(' expr ')' .

    $default  reduce using rule 89 (ifexpr)


state 145

   92 whilestmt: WHILE '(' expr ')' . stmt

    error         shift, and go to state 4
    IF            shift, and go to state 5
    WHILE         shift, and go to state 6
    FOR           shift, and go to state 7
    NOT           shift, and go to state 8
    RETURN        shift, and go to state 9
    BREAK         shift, and go to state 10
    CONTINUE      shift, and go to state 11
    LOCAL         shift, and go to state 12
    DBLCOLON      shift, and go to state 13
    TRUE          shift, and go to state 14
    FALSE         shift, and go to state 15
    NIL           shift, and go to state 16
    FUNCTION      shift, and go to state 17
    STR           shift, and go to state 18
    PLUS_PLUS     shift, and go to state 19
    MINUS_MINUS   shift, and go to state 20
    UNRECOGNIZED  shift, and go to state 21
    ID            shift, and go to state 22
    NUMBER        shift, and go to state 23
    '-'           shift, and go to state 24
    '['           shift, and go to state 25
    '('           shift, and go to state 26
    ';'           shift, and go to state 27
    '{'           shift, and go to state 28

    stmt        go to state 164
    expr        go to state 30
    term        go to state 31
    assignexpr  go to state 32
    primary     go to state 33
    lvalue      go to state 34
    member      go to state 35
    call        go to state 36
    tablemake   go to state 37
    block       go to state 38
    funcdef     go to state 39
    funcprefix  go to state 40
    const       go to state 41
    ifstmt      go to state 42
    ifexpr      go to state 43
    whilestmt   go to state 44
    forstmt     go to state 45
    returnstmt  go to state 46


state 146

   93 forstmt: FOR '(' elist ';' . expr ';' elist ')' stmt

    NOT          shift, and go to state 8
    LOCAL        shift, and go to state 12
    DBLCOLON     shift, and go to state 13
    TRUE         shift, and go to state 14
    FALSE        shift, and go to state 15
    NIL          shift, and go to state 16
    STR          shift, and go to state 18
    PLUS_PLUS    shift, and go to state 19
    MINUS_MINUS  shift, and go to state 20
    ID           shift, and go to state 22
    NUMBER       shift, and go to state 23
    '-'          shift, and go to state 24
    '['          shift, and go to state 25
    '('          shift, and go to state 26

    expr        go to state 165
    term        go to state 31
    assignexpr  go to state 32
    primary     go to state 33
    lvalue      go to state 34
    member      go to state 35
    call        go to state 36
    tablemake   go to state 37
    const       go to state 41


state 147

   56 call: '(' funcdef ')' . '(' elist ')'

    '('  shift, and go to state 151


state 148

   70 indexedelem: '{' expr ':' . expr '}'

    NOT          shift, and go to state 8
    LOCAL        shift, and go to state 12
    DBLCOLON     shift, and go to state 13
    TRUE         shift, and go to state 14
    FALSE        shift, and go to state 15
    NIL          shift, and go to state 16
    STR          shift, and go to state 18
    PLUS_PLUS    shift, and go to state 19
    MINUS_MINUS  shift, and go to state 20
    ID           shift, and go to state 22
    NUMBER       shift, and go to state 23
    '-'          shift, and go to state 24
    '['          shift, and go to state 25
    '('          shift, and go to state 26

    expr        go to state 166
    term        go to state 31
    assignexpr  go to state 32
    primary     go to state 33
    lvalue      go to state 34
    member      go to state 35
    call        go to state 36
    tablemake   go to state 37
    const       go to state 41


state 149

   17 expr: expr . '+' expr
   18     | expr . '-' expr
   19     | expr . '*' expr
   20     | expr . '/' expr
   21     | expr . '%' expr
   22     | expr . '>' expr
   23     | expr . GREATER_EQ expr
   24     | expr . '<' expr
   25     | expr . LESS_EQ expr
   26     | expr . EQ expr
   27     | expr . NOT_EQ expr
   28     | expr . AND M expr
   29     | expr . OR M expr
   63 exprs: ',' expr . exprs

    EQ          shift, and go to state 72
    NOT_EQ      shift, and go to state 73
    GREATER_EQ  shift, and go to state 74
    LESS_EQ     shift, and go to state 75
    AND         shift, and go to state 76
    OR          shift, and go to state 77
    '>'         shift, and go to state 78
    '<'         shift, and go to state 79
    '+'         shift, and go to state 80
    '-'         shift, and go to state 81
    '*'         shift, and go to state 82
    '/'         shift, and go to state 83
    '%'         shift, and go to state 84
    ','         shift, and go to state 109

    $default  reduce using rule 64 (exprs)

    exprs  go to state 167


state 150

   68 indexedelems: ',' indexedelem . indexedelems

    ','  shift, and go to state 113

    $default  reduce using rule 69 (indexedelems)

    indexedelems  go to state 168


state 151

   56 call: '(' funcdef ')' '(' . elist ')'

    NOT          shift, and go to state 8
    LOCAL        shift, and go to state 12
    DBLCOLON     shift, and go to state 13
    TRUE         shift, and go to state 14
    FALSE        shift, and go to state 15
    NIL          shift, and go to state 16
    STR          shift, and go to state 18
    PLUS_PLUS    shift, and go to state 19
    MINUS_MINUS  shift, and go to state 20
    ID           shift, and go to state 22
    NUMBER       shift, and go to state 23
    '-'          shift, and go to state 24
    '['          shift, and go to state 25
    '('          shift, and go to state 26

    $default  reduce using rule 62 (elist)

    expr        go to state 65
    term        go to state 31
    assignexpr  go to state 32
    primary     go to state 33
    lvalue      go to state 34
    member      go to state 35
    call        go to state 36
    elist       go to state 169
    tablemake   go to state 37
    const       go to state 41


state 152

   72 block: '{' $@1 stmts '}' .

    $default  reduce using rule 72 (block)


state 153

   17 expr: expr . '+' expr
   18     | expr . '-' expr
   19     | expr . '*' expr
   20     | expr . '/' expr
   21     | expr . '%' expr
   22     | expr . '>' expr
   23     | expr . GREATER_EQ expr
   24     | expr . '<' expr
   25     | expr . LESS_EQ expr
   26     | expr . EQ expr
   27     | expr . NOT_EQ expr
   28     | expr . AND M expr
   28     | expr AND M expr .
   29     | expr . OR M expr

    EQ          shift, and go to state 72
    NOT_EQ      shift, and go to state 73
    GREATER_EQ  shift, and go to state 74
    LESS_EQ     shift, and go to state 75
    '>'         shift, and go to state 78
    '<'         shift, and go to state 79
    '+'         shift, and go to state 80
    '-'         shift, and go to state 81
    '*'         shift, and go to state 82
    '/'         shift, and go to state 83
    '%'         shift, and go to state 84

    $default  reduce using rule 28 (expr)


state 154

   17 expr: expr . '+' expr
   18     | expr . '-' expr
   19     | expr . '*' expr
   20     | expr . '/' expr
   21     | expr . '%' expr
   22     | expr . '>' expr
   23     | expr . GREATER_EQ expr
   24     | expr . '<' expr
   25     | expr . LESS_EQ expr
   26     | expr . EQ expr
   27     | expr . NOT_EQ expr
   28     | expr . AND M expr
   29     | expr . OR M expr
   29     | expr OR M expr .

    EQ          shift, and go to state 72
    NOT_EQ      shift, and go to state 73
    GREATER_EQ  shift, and go to state 74
    LESS_EQ     shift, and go to state 75
    AND         shift, and go to state 76
    '>'         shift, and go to state 78
    '<'         shift, and go to state 79
    '+'         shift, and go to state 80
    '-'         shift, and go to state 81
    '*'         shift, and go to state 82
    '/'         shift, and go to state 83
    '%'         shift, and go to state 84

    $default  reduce using rule 29 (expr)


state 155

   60 methodcall: DBL_DOT ID '(' . elist ')'

    NOT          shift, and go to state 8
    LOCAL        shift, and go to state 12
    DBLCOLON     shift, and go to state 13
    TRUE         shift, and go to state 14
    FALSE        shift, and go to state 15
    NIL          shift, and go to state 16
    STR          shift, and go to state 18
    PLUS_PLUS    shift, and go to state 19
    MINUS_MINUS  shift, and go to state 20
    ID           shift, and go to state 22
    NUMBER       shift, and go to state 23
    '-'          shift, and go to state 24
    '['          shift, and go to state 25
    '('          shift, and go to state 26

    $default  reduce using rule 62 (elist)

    expr        go to state 65
    term        go to state 31
    assignexpr  go to state 32
    primary     go to state 33
    lvalue      go to state 34
    member      go to state 35
    call        go to state 36
    elist       go to state 170
    tablemake   go to state 37
    const       go to state 41


state 156

   51 member: lvalue '[' expr ']' .

    $default  reduce using rule 51 (member)


state 157

   59 normcall: '(' elist ')' .

    $default  reduce using rule 59 (normcall)


state 158

   53 member: call '[' expr ']' .

    $default  reduce using rule 53 (member)


state 159

   54 call: call '(' elist ')' .

    $default  reduce using rule 54 (call)


state 160

   86 ids: ',' . ID ids

    ID  shift, and go to state 171


state 161

   84 idlist: ID ids .

    $default  reduce using rule 84 (idlist)


state 162

   77 funcargs: '(' idlist ')' .

    $default  reduce using rule 77 (funcargs)


state 163

   90 ifsuffix: stmt ELSE stmt .

    $default  reduce using rule 90 (ifsuffix)


state 164

   92 whilestmt: WHILE '(' expr ')' stmt .

    $default  reduce using rule 92 (whilestmt)


state 165

   17 expr: expr . '+' expr
   18     | expr . '-' expr
   19     | expr . '*' expr
   20     | expr . '/' expr
   21     | expr . '%' expr
   22     | expr . '>' expr
   23     | expr . GREATER_EQ expr
   24     | expr . '<' expr
   25     | expr . LESS_EQ expr
   26     | expr . EQ expr
   27     | expr . NOT_EQ expr
   28     | expr . AND M expr
   29     | expr . OR M expr
   93 forstmt: FOR '(' elist ';' expr . ';' elist ')' stmt

    EQ          shift, and go to state 72
    NOT_EQ      shift, and go to state 73
    GREATER_EQ  shift, and go to state 74
    LESS_EQ     shift, and go to state 75
    AND         shift, and go to state 76
    OR          shift, and go to state 77
    '>'         shift, and go to state 78
    '<'         shift, and go to state 79
    '+'         shift, and go to state 80
    '-'         shift, and go to state 81
    '*'         shift, and go to state 82
    '/'         shift, and go to state 83
    '%'         shift, and go to state 84
    ';'         shift, and go to state 172


state 166

   17 expr: expr . '+' expr
   18     | expr . '-' expr
   19     | expr . '*' expr
   20     | expr . '/' expr
   21     | expr . '%' expr
   22     | expr . '>' expr
   23     | expr . GREATER_EQ expr
   24     | expr . '<' expr
   25     | expr . LESS_EQ expr
   26     | expr . EQ expr
   27     | expr . NOT_EQ expr
   28     | expr . AND M expr
   29     | expr . OR M expr
   70 indexedelem: '{' expr ':' expr . '}'

    EQ          shift, and go to state 72
    NOT_EQ      shift, and go to state 73
    GREATER_EQ  shift, and go to state 74
    LESS_EQ     shift, and go to state 75
    AND         shift, and go to state 76
    OR          shift, and go to state 77
    '>'         shift, and go to state 78
    '<'         shift, and go to state 79
    '+'         shift, and go to state 80
    '-'         shift, and go to state 81
    '*'         shift, and go to state 82
    '/'         shift, and go to state 83
    '%'         shift, and go to state 84
    '}'         shift, and go to state 173


state 167

   63 exprs: ',' expr exprs .

    $default  reduce using rule 63 (exprs)


state 168

   68 indexedelems: ',' indexedelem indexedelems .

    $default  reduce using rule 68 (indexedelems)


state 169

   56 call: '(' funcdef ')' '(' elist . ')'

    ')'  shift, and go to state 174


state 170

   60 methodcall: DBL_DOT ID '(' elist . ')'

    ')'  shift, and go to state 175


state 171

   86 ids: ',' ID . ids

    ','  shift, and go to state 160

    $default  reduce using rule 87 (ids)

    ids  go to state 176


state 172

   93 forstmt: FOR '(' elist ';' expr ';' . elist ')' stmt

    NOT          shift, and go to state 8
    LOCAL        shift, and go to state 12
    DBLCOLON     shift, and go to state 13
    TRUE         shift, and go to state 14
    FALSE        shift, and go to state 15
    NIL          shift, and go to state 16
    STR          shift, and go to state 18
    PLUS_PLUS    shift, and go to state 19
    MINUS_MINUS  shift, and go to state 20
    ID           shift, and go to state 22
    NUMBER       shift, and go to state 23
    '-'          shift, and go to state 24
    '['          shift, and go to state 25
    '('          shift, and go to state 26

    $default  reduce using rule 62 (elist)

    expr        go to state 65
    term        go to state 31
    assignexpr  go to state 32
    primary     go to state 33
    lvalue      go to state 34
    member      go to state 35
    call        go to state 36
    elist       go to state 177
    tablemake   go to state 37
    const       go to state 41


state 173

   70 indexedelem: '{' expr ':' expr '}' .

    $default  reduce using rule 70 (indexedelem)


state 174

   56 call: '(' funcdef ')' '(' elist ')' .

    $default  reduce using rule 56 (call)


state 175

   60 methodcall: DBL_DOT ID '(' elist ')' .

    $default  reduce using rule 60 (methodcall)


state 176

   86 ids: ',' ID ids .

    $default  reduce using rule 86 (ids)


state 177

   93 forstmt: FOR '(' elist ';' expr ';' elist . ')' stmt

    ')'  shift, and go to state 178


state 178

   93 forstmt: FOR '(' elist ';' expr ';' elist ')' . stmt

    error         shift, and go to state 4
    IF            shift, and go to state 5
    WHILE         shift, and go to state 6
    FOR           shift, and go to state 7
    NOT           shift, and go to state 8
    RETURN        shift, and go to state 9
    BREAK         shift, and go to state 10
    CONTINUE      shift, and go to state 11
    LOCAL         shift, and go to state 12
    DBLCOLON      shift, and go to state 13
    TRUE          shift, and go to state 14
    FALSE         shift, and go to state 15
    NIL           shift, and go to state 16
    FUNCTION      shift, and go to state 17
    STR           shift, and go to state 18
    PLUS_PLUS     shift, and go to state 19
    MINUS_MINUS   shift, and go to state 20
    UNRECOGNIZED  shift, and go to state 21
    ID            shift, and go to state 22
    NUMBER        shift, and go to state 23
    '-'           shift, and go to state 24
    '['           shift, and go to state 25
    '('           shift, and go to state 26
    ';'           shift, and go to state 27
    '{'           shift, and go to state 28

    stmt        go to state 179
    expr        go to state 30
    term        go to state 31
    assignexpr  go to state 32
    primary     go to state 33
    lvalue      go to state 34
    member      go to state 35
    call        go to state 36
    tablemake   go to state 37
    block       go to state 38
    funcdef     go to state 39
    funcprefix  go to state 40
    const       go to state 41
    ifstmt      go to state 42
    ifexpr      go to state 43
    whilestmt   go to state 44
    forstmt     go to state 45
    returnstmt  go to state 46


state 179

   93 forstmt: FOR '(' elist ';' expr ';' elist ')' stmt .

    $default  reduce using rule 93 (forstmt)
